<?xml version="1.0" encoding="UTF-8"?>
<!-- Generated by org.testng.reporters.JUnitXMLReporter -->
<testsuite ignored="0" hostname="SWAPNILK" failures="0" tests="1" name="Home Test" time="28.893" errors="0" timestamp="19 Nov 2019 11:20:18 GMT">
  <testcase classname="com.frost.testcases.TestFrostHomePage" name="@BeforeMethod setUp" time="28.855">
    <failure type="java.lang.NullPointerException">
      <![CDATA[java.lang.NullPointerException
at java.base/java.util.Objects.requireNonNull(Objects.java:221)
at org.openqa.selenium.support.ui.FluentWait.<init>(FluentWait.java:100)
at org.openqa.selenium.support.ui.WebDriverWait.<init>(WebDriverWait.java:128)
at org.openqa.selenium.support.ui.WebDriverWait.<init>(WebDriverWait.java:61)
at org.openqa.selenium.support.ui.WebDriverWait.<init>(WebDriverWait.java:48)
at com.frost.pages.FrostLoginPage.waitForElement(FrostLoginPage.java:39)
at com.frost.testcases.TestFrostHomePage.setUp(TestFrostHomePage.java:33)
... Removed 28 stack frames]]>
    </failure>
  </testcase> <!-- @BeforeMethod setUp -->
  <testcase classname="com.frost.testcases.TestFrostHomePage" name="@AfterMethod tearDown" time="0.0">
    <skipped/>
  </testcase> <!-- @AfterMethod tearDown -->
  <testcase classname="com.frost.testcases.TestFrostHomePage" name="verifyFrostHomeTitle" time="0.0">
    <skipped/>
  </testcase> <!-- verifyFrostHomeTitle -->
</testsuite> <!-- Home Test -->
